<?xml version="1.0" encoding="UTF-8"?>
<!-- Generated by org.testng.reporters.JUnitXMLReporter -->
<testsuite hostname="siyuandemac.local" name="Surefire test" tests="3" failures="0" timestamp="12 Sep 2017 15:29:43 GMT" time="1.147" errors="0">
  <testcase name="testHasMatchUser" time="0.045" classname="com.smart.service.UserServiceTest"/>
  <testcase name="testAddLoginLog" time="0.062" classname="com.smart.service.UserServiceTest"/>
  <testcase name="testFindUserByUserName" time="0.094" classname="com.smart.service.UserServiceTest"/>
</testsuite> <!-- Surefire test -->
