<?xml version="1.0" encoding="UTF-8"?>
<testng-results skipped="0" failed="0" total="3" passed="3">
  <reporter-output>
  </reporter-output>
  <suite name="Surefire suite" duration-ms="1147" started-at="2017-09-12T15:29:37Z" finished-at="2017-09-12T15:29:38Z">
    <groups>
    </groups>
    <test name="Surefire test" duration-ms="1147" started-at="2017-09-12T15:29:37Z" finished-at="2017-09-12T15:29:38Z">
      <class name="com.smart.service.UserServiceTest">
        <test-method status="PASS" signature="springTestContextBeforeTestClass()[pri:0, instance:com.smart.service.UserServiceTest@2758fe70]" name="springTestContextBeforeTestClass" is-config="true" duration-ms="7" started-at="2017-09-12T23:29:37Z" finished-at="2017-09-12T23:29:37Z">
          <reporter-output>
          </reporter-output>
        </test-method> <!-- springTestContextBeforeTestClass -->
        <test-method status="PASS" signature="springTestContextPrepareTestInstance()[pri:0, instance:com.smart.service.UserServiceTest@2758fe70]" name="springTestContextPrepareTestInstance" is-config="true" duration-ms="787" started-at="2017-09-12T23:29:37Z" depends-on-methods="org.springframework.test.context.testng.AbstractTestNGSpringContextTests.springTestContextBeforeTestClass" finished-at="2017-09-12T23:29:38Z">
          <reporter-output>
          </reporter-output>
        </test-method> <!-- springTestContextPrepareTestInstance -->
        <test-method status="PASS" signature="springTestContextBeforeTestMethod(java.lang.reflect.Method)[pri:0, instance:com.smart.service.UserServiceTest@2758fe70]" name="springTestContextBeforeTestMethod" is-config="true" duration-ms="244" started-at="2017-09-12T23:29:38Z" finished-at="2017-09-12T23:29:38Z">
          <params>
            <param index="0">
              <value>
                <![CDATA[public void com.smart.service.UserServiceTest.testFindUserByUserName() throws java.lang.Exception]]>
              </value>
            </param>
          </params>
          <reporter-output>
          </reporter-output>
        </test-method> <!-- springTestContextBeforeTestMethod -->
        <test-method status="PASS" signature="springTestContextBeforeTestMethod(java.lang.reflect.Method)[pri:0, instance:com.smart.service.UserServiceTest@2758fe70]" name="springTestContextBeforeTestMethod" is-config="true" duration-ms="244" started-at="2017-09-12T23:29:38Z" finished-at="2017-09-12T23:29:38Z">
          <params>
            <param index="0">
              <value>
                <![CDATA[public void com.smart.service.UserServiceTest.testAddLoginLog()]]>
              </value>
            </param>
          </params>
          <reporter-output>
          </reporter-output>
        </test-method> <!-- springTestContextBeforeTestMethod -->
        <test-method status="PASS" signature="springTestContextBeforeTestMethod(java.lang.reflect.Method)[pri:0, instance:com.smart.service.UserServiceTest@2758fe70]" name="springTestContextBeforeTestMethod" is-config="true" duration-ms="244" started-at="2017-09-12T23:29:38Z" finished-at="2017-09-12T23:29:38Z">
          <params>
            <param index="0">
              <value>
                <![CDATA[public void com.smart.service.UserServiceTest.testHasMatchUser()]]>
              </value>
            </param>
          </params>
          <reporter-output>
          </reporter-output>
        </test-method> <!-- springTestContextBeforeTestMethod -->
        <test-method status="PASS" signature="testHasMatchUser()[pri:0, instance:com.smart.service.UserServiceTest@2758fe70]" name="testHasMatchUser" duration-ms="45" started-at="2017-09-12T23:29:38Z" finished-at="2017-09-12T23:29:38Z">
          <reporter-output>
          </reporter-output>
        </test-method> <!-- testHasMatchUser -->
        <test-method status="PASS" signature="testAddLoginLog()[pri:0, instance:com.smart.service.UserServiceTest@2758fe70]" name="testAddLoginLog" duration-ms="62" started-at="2017-09-12T23:29:38Z" finished-at="2017-09-12T23:29:38Z">
          <reporter-output>
          </reporter-output>
        </test-method> <!-- testAddLoginLog -->
        <test-method status="PASS" signature="testFindUserByUserName()[pri:0, instance:com.smart.service.UserServiceTest@2758fe70]" name="testFindUserByUserName" duration-ms="94" started-at="2017-09-12T23:29:38Z" finished-at="2017-09-12T23:29:38Z">
          <reporter-output>
          </reporter-output>
        </test-method> <!-- testFindUserByUserName -->
        <test-method status="PASS" signature="springTestContextAfterTestMethod(java.lang.reflect.Method)[pri:0, instance:com.smart.service.UserServiceTest@2758fe70]" name="springTestContextAfterTestMethod" is-config="true" duration-ms="6" started-at="2017-09-12T23:29:38Z" finished-at="2017-09-12T23:29:38Z">
          <params>
            <param index="0">
              <value>
                <![CDATA[public void com.smart.service.UserServiceTest.testHasMatchUser()]]>
              </value>
            </param>
          </params>
          <reporter-output>
          </reporter-output>
        </test-method> <!-- springTestContextAfterTestMethod -->
        <test-method status="PASS" signature="springTestContextAfterTestMethod(java.lang.reflect.Method)[pri:0, instance:com.smart.service.UserServiceTest@2758fe70]" name="springTestContextAfterTestMethod" is-config="true" duration-ms="2" started-at="2017-09-12T23:29:38Z" finished-at="2017-09-12T23:29:38Z">
          <params>
            <param index="0">
              <value>
                <![CDATA[public void com.smart.service.UserServiceTest.testAddLoginLog()]]>
              </value>
            </param>
          </params>
          <reporter-output>
          </reporter-output>
        </test-method> <!-- springTestContextAfterTestMethod -->
        <test-method status="PASS" signature="springTestContextAfterTestMethod(java.lang.reflect.Method)[pri:0, instance:com.smart.service.UserServiceTest@2758fe70]" name="springTestContextAfterTestMethod" is-config="true" duration-ms="1" started-at="2017-09-12T23:29:38Z" finished-at="2017-09-12T23:29:38Z">
          <params>
            <param index="0">
              <value>
                <![CDATA[public void com.smart.service.UserServiceTest.testFindUserByUserName() throws java.lang.Exception]]>
              </value>
            </param>
          </params>
          <reporter-output>
          </reporter-output>
        </test-method> <!-- springTestContextAfterTestMethod -->
        <test-method status="PASS" signature="springTestContextAfterTestClass()[pri:0, instance:com.smart.service.UserServiceTest@2758fe70]" name="springTestContextAfterTestClass" is-config="true" duration-ms="0" started-at="2017-09-12T23:29:38Z" finished-at="2017-09-12T23:29:38Z">
          <reporter-output>
          </reporter-output>
        </test-method> <!-- springTestContextAfterTestClass -->
      </class> <!-- com.smart.service.UserServiceTest -->
    </test> <!-- Surefire test -->
  </suite> <!-- Surefire suite -->
</testng-results>
